running egg_info
writing ../../build/en613_control/en613_control.egg-info/PKG-INFO
writing dependency_links to ../../build/en613_control/en613_control.egg-info/dependency_links.txt
writing entry points to ../../build/en613_control/en613_control.egg-info/entry_points.txt
writing requirements to ../../build/en613_control/en613_control.egg-info/requires.txt
writing top-level names to ../../build/en613_control/en613_control.egg-info/top_level.txt
reading manifest file '../../build/en613_control/en613_control.egg-info/SOURCES.txt'
writing manifest file '../../build/en613_control/en613_control.egg-info/SOURCES.txt'
running build
running build_py
running install
running install_lib
running install_data
copying launch/urdf_test.launch.py -> /media/n3b3x/Data Interchange Drive/SCHOOL/JHU_RAS/SPRING_2025/Intro To Robotics/MODULE_5/class4_ws/install/en613_control/share/en613_control/launch
running install_egg_info
removing '/media/n3b3x/Data Interchange Drive/SCHOOL/JHU_RAS/SPRING_2025/Intro To Robotics/MODULE_5/class4_ws/install/en613_control/lib/python3.10/site-packages/en613_control-0.0.0-py3.10.egg-info' (and everything under it)
Copying ../../build/en613_control/en613_control.egg-info to /media/n3b3x/Data Interchange Drive/SCHOOL/JHU_RAS/SPRING_2025/Intro To Robotics/MODULE_5/class4_ws/install/en613_control/lib/python3.10/site-packages/en613_control-0.0.0-py3.10.egg-info
running install_scripts
Installing diffdrive_sim script to /media/n3b3x/Data Interchange Drive/SCHOOL/JHU_RAS/SPRING_2025/Intro To Robotics/MODULE_5/class4_ws/install/en613_control/lib/en613_control
writing list of installed files to '/media/n3b3x/Data Interchange Drive/SCHOOL/JHU_RAS/SPRING_2025/Intro To Robotics/MODULE_5/class4_ws/build/en613_control/install.log'
