[0.532s] Invoking command in '/media/n3b3x/Data Interchange Drive/SCHOOL/JHU/SPRING_2025/Intro To Robotics/MODULE_3/src/assignment3': PYTHONPATH=/media/n3b3x/Data Interchange Drive/SCHOOL/JHU/SPRING_2025/Intro To Robotics/MODULE_3/src/build/assignment3/prefix_override:/usr/lib/python3/dist-packages/colcon_core/task/python/colcon_distutils_commands:/media/n3b3x/Data Interchange Drive/SCHOOL/JHU/SPRING_2025/Intro To Robotics/MODULE_3/src/install/assignment3/lib/python3.10/site-packages:${PYTHONPATH} /usr/bin/python3 -W ignore:setup.py install is deprecated -W ignore:easy_install command is deprecated setup.py egg_info --egg-base ../build/assignment3 build --build-base /media/n3b3x/Data Interchange Drive/SCHOOL/JHU/SPRING_2025/Intro To Robotics/MODULE_3/src/build/assignment3/build install --record /media/n3b3x/Data Interchange Drive/SCHOOL/JHU/SPRING_2025/Intro To Robotics/MODULE_3/src/build/assignment3/install.log --install-scripts $base/lib/assignment3 --single-version-externally-managed install_data
[0.698s] /usr/lib/python3/dist-packages/setuptools/dist.py:723: UserWarning: Usage of dash-separated 'script-dir' will not be supported in future versions. Please use the underscore name 'script_dir' instead
[0.698s]   warnings.warn(
[0.703s] running egg_info
[0.703s] creating ../build/assignment3/assignment3.egg-info
[0.704s] writing ../build/assignment3/assignment3.egg-info/PKG-INFO
[0.704s] writing dependency_links to ../build/assignment3/assignment3.egg-info/dependency_links.txt
[0.707s] writing entry points to ../build/assignment3/assignment3.egg-info/entry_points.txt
[0.707s] writing requirements to ../build/assignment3/assignment3.egg-info/requires.txt
[0.708s] writing top-level names to ../build/assignment3/assignment3.egg-info/top_level.txt
[0.718s] writing manifest file '../build/assignment3/assignment3.egg-info/SOURCES.txt'
[0.719s] reading manifest file '../build/assignment3/assignment3.egg-info/SOURCES.txt'
[0.720s] writing manifest file '../build/assignment3/assignment3.egg-info/SOURCES.txt'
[0.720s] running build
[0.720s] running build_py
[0.720s] creating /media/n3b3x/Data Interchange Drive/SCHOOL/JHU/SPRING_2025/Intro To Robotics/MODULE_3/src/build/assignment3/build
[0.720s] creating /media/n3b3x/Data Interchange Drive/SCHOOL/JHU/SPRING_2025/Intro To Robotics/MODULE_3/src/build/assignment3/build/lib
[0.720s] creating /media/n3b3x/Data Interchange Drive/SCHOOL/JHU/SPRING_2025/Intro To Robotics/MODULE_3/src/build/assignment3/build/lib/assignment3
[0.720s] copying assignment3/assignment3.py -> /media/n3b3x/Data Interchange Drive/SCHOOL/JHU/SPRING_2025/Intro To Robotics/MODULE_3/src/build/assignment3/build/lib/assignment3
[0.720s] copying assignment3/joint_driver.py -> /media/n3b3x/Data Interchange Drive/SCHOOL/JHU/SPRING_2025/Intro To Robotics/MODULE_3/src/build/assignment3/build/lib/assignment3
[0.720s] copying assignment3/__init__.py -> /media/n3b3x/Data Interchange Drive/SCHOOL/JHU/SPRING_2025/Intro To Robotics/MODULE_3/src/build/assignment3/build/lib/assignment3
[0.721s] running install
[0.721s] running install_lib
[0.721s] creating /media/n3b3x/Data Interchange Drive/SCHOOL/JHU/SPRING_2025/Intro To Robotics/MODULE_3/src/install/assignment3/lib/python3.10/site-packages/assignment3
[0.721s] copying /media/n3b3x/Data Interchange Drive/SCHOOL/JHU/SPRING_2025/Intro To Robotics/MODULE_3/src/build/assignment3/build/lib/assignment3/assignment3.py -> /media/n3b3x/Data Interchange Drive/SCHOOL/JHU/SPRING_2025/Intro To Robotics/MODULE_3/src/install/assignment3/lib/python3.10/site-packages/assignment3
[0.721s] copying /media/n3b3x/Data Interchange Drive/SCHOOL/JHU/SPRING_2025/Intro To Robotics/MODULE_3/src/build/assignment3/build/lib/assignment3/joint_driver.py -> /media/n3b3x/Data Interchange Drive/SCHOOL/JHU/SPRING_2025/Intro To Robotics/MODULE_3/src/install/assignment3/lib/python3.10/site-packages/assignment3
[0.721s] copying /media/n3b3x/Data Interchange Drive/SCHOOL/JHU/SPRING_2025/Intro To Robotics/MODULE_3/src/build/assignment3/build/lib/assignment3/__init__.py -> /media/n3b3x/Data Interchange Drive/SCHOOL/JHU/SPRING_2025/Intro To Robotics/MODULE_3/src/install/assignment3/lib/python3.10/site-packages/assignment3
[0.722s] byte-compiling /media/n3b3x/Data Interchange Drive/SCHOOL/JHU/SPRING_2025/Intro To Robotics/MODULE_3/src/install/assignment3/lib/python3.10/site-packages/assignment3/assignment3.py to assignment3.cpython-310.pyc
[0.722s] byte-compiling /media/n3b3x/Data Interchange Drive/SCHOOL/JHU/SPRING_2025/Intro To Robotics/MODULE_3/src/install/assignment3/lib/python3.10/site-packages/assignment3/joint_driver.py to joint_driver.cpython-310.pyc
[0.723s] byte-compiling /media/n3b3x/Data Interchange Drive/SCHOOL/JHU/SPRING_2025/Intro To Robotics/MODULE_3/src/install/assignment3/lib/python3.10/site-packages/assignment3/__init__.py to __init__.cpython-310.pyc
[0.723s] running install_data
[0.723s] creating /media/n3b3x/Data Interchange Drive/SCHOOL/JHU/SPRING_2025/Intro To Robotics/MODULE_3/src/install/assignment3/share/ament_index
[0.723s] creating /media/n3b3x/Data Interchange Drive/SCHOOL/JHU/SPRING_2025/Intro To Robotics/MODULE_3/src/install/assignment3/share/ament_index/resource_index
[0.723s] creating /media/n3b3x/Data Interchange Drive/SCHOOL/JHU/SPRING_2025/Intro To Robotics/MODULE_3/src/install/assignment3/share/ament_index/resource_index/packages
[0.724s] copying resource/assignment3 -> /media/n3b3x/Data Interchange Drive/SCHOOL/JHU/SPRING_2025/Intro To Robotics/MODULE_3/src/install/assignment3/share/ament_index/resource_index/packages
[0.724s] copying package.xml -> /media/n3b3x/Data Interchange Drive/SCHOOL/JHU/SPRING_2025/Intro To Robotics/MODULE_3/src/install/assignment3/share/assignment3
[0.724s] copying launch/assignment3.launch.py -> /media/n3b3x/Data Interchange Drive/SCHOOL/JHU/SPRING_2025/Intro To Robotics/MODULE_3/src/install/assignment3/share/assignment3
[0.724s] creating /media/n3b3x/Data Interchange Drive/SCHOOL/JHU/SPRING_2025/Intro To Robotics/MODULE_3/src/install/assignment3/share/assignment3/launch
[0.724s] copying launch/single_rrbot.urdf -> /media/n3b3x/Data Interchange Drive/SCHOOL/JHU/SPRING_2025/Intro To Robotics/MODULE_3/src/install/assignment3/share/assignment3/launch
[0.724s] copying launch/dummy_model.rviz -> /media/n3b3x/Data Interchange Drive/SCHOOL/JHU/SPRING_2025/Intro To Robotics/MODULE_3/src/install/assignment3/share/assignment3/launch
[0.724s] running install_egg_info
[0.725s] Copying ../build/assignment3/assignment3.egg-info to /media/n3b3x/Data Interchange Drive/SCHOOL/JHU/SPRING_2025/Intro To Robotics/MODULE_3/src/install/assignment3/lib/python3.10/site-packages/assignment3-0.0.0-py3.10.egg-info
[0.726s] running install_scripts
[0.739s] Installing joint_driver script to /media/n3b3x/Data Interchange Drive/SCHOOL/JHU/SPRING_2025/Intro To Robotics/MODULE_3/src/install/assignment3/lib/assignment3
[0.740s] writing list of installed files to '/media/n3b3x/Data Interchange Drive/SCHOOL/JHU/SPRING_2025/Intro To Robotics/MODULE_3/src/build/assignment3/install.log'
[0.754s] Invoked command in '/media/n3b3x/Data Interchange Drive/SCHOOL/JHU/SPRING_2025/Intro To Robotics/MODULE_3/src/assignment3' returned '0': PYTHONPATH=/media/n3b3x/Data Interchange Drive/SCHOOL/JHU/SPRING_2025/Intro To Robotics/MODULE_3/src/build/assignment3/prefix_override:/usr/lib/python3/dist-packages/colcon_core/task/python/colcon_distutils_commands:/media/n3b3x/Data Interchange Drive/SCHOOL/JHU/SPRING_2025/Intro To Robotics/MODULE_3/src/install/assignment3/lib/python3.10/site-packages:${PYTHONPATH} /usr/bin/python3 -W ignore:setup.py install is deprecated -W ignore:easy_install command is deprecated setup.py egg_info --egg-base ../build/assignment3 build --build-base /media/n3b3x/Data Interchange Drive/SCHOOL/JHU/SPRING_2025/Intro To Robotics/MODULE_3/src/build/assignment3/build install --record /media/n3b3x/Data Interchange Drive/SCHOOL/JHU/SPRING_2025/Intro To Robotics/MODULE_3/src/build/assignment3/install.log --install-scripts $base/lib/assignment3 --single-version-externally-managed install_data
