running egg_info
creating ../build/assignment4/assignment4.egg-info
writing ../build/assignment4/assignment4.egg-info/PKG-INFO
writing dependency_links to ../build/assignment4/assignment4.egg-info/dependency_links.txt
writing entry points to ../build/assignment4/assignment4.egg-info/entry_points.txt
writing requirements to ../build/assignment4/assignment4.egg-info/requires.txt
writing top-level names to ../build/assignment4/assignment4.egg-info/top_level.txt
writing manifest file '../build/assignment4/assignment4.egg-info/SOURCES.txt'
reading manifest file '../build/assignment4/assignment4.egg-info/SOURCES.txt'
writing manifest file '../build/assignment4/assignment4.egg-info/SOURCES.txt'
running build
running build_py
creating /media/n3b3x/Data Interchange Drive/SCHOOL/JHU/SPRING_2025/Intro To Robotics/MODULE_4/class4_ws/src/build/assignment4/build
creating /media/n3b3x/Data Interchange Drive/SCHOOL/JHU/SPRING_2025/Intro To Robotics/MODULE_4/class4_ws/src/build/assignment4/build/lib
creating /media/n3b3x/Data Interchange Drive/SCHOOL/JHU/SPRING_2025/Intro To Robotics/MODULE_4/class4_ws/src/build/assignment4/build/lib/assignment4
copying assignment4/assignment4.py -> /media/n3b3x/Data Interchange Drive/SCHOOL/JHU/SPRING_2025/Intro To Robotics/MODULE_4/class4_ws/src/build/assignment4/build/lib/assignment4
copying assignment4/mecanum_sim.py -> /media/n3b3x/Data Interchange Drive/SCHOOL/JHU/SPRING_2025/Intro To Robotics/MODULE_4/class4_ws/src/build/assignment4/build/lib/assignment4
copying assignment4/ros2_teleop_keyboard.py -> /media/n3b3x/Data Interchange Drive/SCHOOL/JHU/SPRING_2025/Intro To Robotics/MODULE_4/class4_ws/src/build/assignment4/build/lib/assignment4
copying assignment4/__init__.py -> /media/n3b3x/Data Interchange Drive/SCHOOL/JHU/SPRING_2025/Intro To Robotics/MODULE_4/class4_ws/src/build/assignment4/build/lib/assignment4
running install
running install_lib
creating /media/n3b3x/Data Interchange Drive/SCHOOL/JHU/SPRING_2025/Intro To Robotics/MODULE_4/class4_ws/src/install/assignment4/lib/python3.10/site-packages/assignment4
copying /media/n3b3x/Data Interchange Drive/SCHOOL/JHU/SPRING_2025/Intro To Robotics/MODULE_4/class4_ws/src/build/assignment4/build/lib/assignment4/assignment4.py -> /media/n3b3x/Data Interchange Drive/SCHOOL/JHU/SPRING_2025/Intro To Robotics/MODULE_4/class4_ws/src/install/assignment4/lib/python3.10/site-packages/assignment4
copying /media/n3b3x/Data Interchange Drive/SCHOOL/JHU/SPRING_2025/Intro To Robotics/MODULE_4/class4_ws/src/build/assignment4/build/lib/assignment4/mecanum_sim.py -> /media/n3b3x/Data Interchange Drive/SCHOOL/JHU/SPRING_2025/Intro To Robotics/MODULE_4/class4_ws/src/install/assignment4/lib/python3.10/site-packages/assignment4
copying /media/n3b3x/Data Interchange Drive/SCHOOL/JHU/SPRING_2025/Intro To Robotics/MODULE_4/class4_ws/src/build/assignment4/build/lib/assignment4/ros2_teleop_keyboard.py -> /media/n3b3x/Data Interchange Drive/SCHOOL/JHU/SPRING_2025/Intro To Robotics/MODULE_4/class4_ws/src/install/assignment4/lib/python3.10/site-packages/assignment4
copying /media/n3b3x/Data Interchange Drive/SCHOOL/JHU/SPRING_2025/Intro To Robotics/MODULE_4/class4_ws/src/build/assignment4/build/lib/assignment4/__init__.py -> /media/n3b3x/Data Interchange Drive/SCHOOL/JHU/SPRING_2025/Intro To Robotics/MODULE_4/class4_ws/src/install/assignment4/lib/python3.10/site-packages/assignment4
byte-compiling /media/n3b3x/Data Interchange Drive/SCHOOL/JHU/SPRING_2025/Intro To Robotics/MODULE_4/class4_ws/src/install/assignment4/lib/python3.10/site-packages/assignment4/assignment4.py to assignment4.cpython-310.pyc
byte-compiling /media/n3b3x/Data Interchange Drive/SCHOOL/JHU/SPRING_2025/Intro To Robotics/MODULE_4/class4_ws/src/install/assignment4/lib/python3.10/site-packages/assignment4/mecanum_sim.py to mecanum_sim.cpython-310.pyc
byte-compiling /media/n3b3x/Data Interchange Drive/SCHOOL/JHU/SPRING_2025/Intro To Robotics/MODULE_4/class4_ws/src/install/assignment4/lib/python3.10/site-packages/assignment4/ros2_teleop_keyboard.py to ros2_teleop_keyboard.cpython-310.pyc
byte-compiling /media/n3b3x/Data Interchange Drive/SCHOOL/JHU/SPRING_2025/Intro To Robotics/MODULE_4/class4_ws/src/install/assignment4/lib/python3.10/site-packages/assignment4/__init__.py to __init__.cpython-310.pyc
running install_data
creating /media/n3b3x/Data Interchange Drive/SCHOOL/JHU/SPRING_2025/Intro To Robotics/MODULE_4/class4_ws/src/install/assignment4/share/ament_index
creating /media/n3b3x/Data Interchange Drive/SCHOOL/JHU/SPRING_2025/Intro To Robotics/MODULE_4/class4_ws/src/install/assignment4/share/ament_index/resource_index
creating /media/n3b3x/Data Interchange Drive/SCHOOL/JHU/SPRING_2025/Intro To Robotics/MODULE_4/class4_ws/src/install/assignment4/share/ament_index/resource_index/packages
copying resource/assignment4 -> /media/n3b3x/Data Interchange Drive/SCHOOL/JHU/SPRING_2025/Intro To Robotics/MODULE_4/class4_ws/src/install/assignment4/share/ament_index/resource_index/packages
copying package.xml -> /media/n3b3x/Data Interchange Drive/SCHOOL/JHU/SPRING_2025/Intro To Robotics/MODULE_4/class4_ws/src/install/assignment4/share/assignment4
running install_egg_info
Copying ../build/assignment4/assignment4.egg-info to /media/n3b3x/Data Interchange Drive/SCHOOL/JHU/SPRING_2025/Intro To Robotics/MODULE_4/class4_ws/src/install/assignment4/lib/python3.10/site-packages/assignment4-0.0.0-py3.10.egg-info
running install_scripts
Installing mecanum_sim = assignment4.mecanum_sim:mainteleop_twist_keyboard script to /media/n3b3x/Data Interchange Drive/SCHOOL/JHU/SPRING_2025/Intro To Robotics/MODULE_4/class4_ws/src/install/assignment4/lib/assignment4
