[0.610s] Invoking command in '/media/n3b3x/Data Interchange Drive/SCHOOL/JHU/SPRING_2025/Intro To Robotics/MODULE_4/class4_ws/src/assignment4': PYTHONPATH=/media/n3b3x/Data Interchange Drive/SCHOOL/JHU/SPRING_2025/Intro To Robotics/MODULE_4/class4_ws/src/build/assignment4/prefix_override:/usr/lib/python3/dist-packages/colcon_core/task/python/colcon_distutils_commands:/media/n3b3x/Data Interchange Drive/SCHOOL/JHU/SPRING_2025/Intro To Robotics/MODULE_4/class4_ws/src/install/assignment4/lib/python3.10/site-packages:${PYTHONPATH} /usr/bin/python3 -W ignore:setup.py install is deprecated -W ignore:easy_install command is deprecated setup.py egg_info --egg-base ../build/assignment4 build --build-base /media/n3b3x/Data Interchange Drive/SCHOOL/JHU/SPRING_2025/Intro To Robotics/MODULE_4/class4_ws/src/build/assignment4/build install --record /media/n3b3x/Data Interchange Drive/SCHOOL/JHU/SPRING_2025/Intro To Robotics/MODULE_4/class4_ws/src/build/assignment4/install.log --single-version-externally-managed install_data
[0.826s] running egg_info
[0.827s] creating ../build/assignment4/assignment4.egg-info
[0.827s] writing ../build/assignment4/assignment4.egg-info/PKG-INFO
[0.827s] writing dependency_links to ../build/assignment4/assignment4.egg-info/dependency_links.txt
[0.827s] writing entry points to ../build/assignment4/assignment4.egg-info/entry_points.txt
[0.827s] writing requirements to ../build/assignment4/assignment4.egg-info/requires.txt
[0.828s] writing top-level names to ../build/assignment4/assignment4.egg-info/top_level.txt
[0.838s] writing manifest file '../build/assignment4/assignment4.egg-info/SOURCES.txt'
[0.840s] reading manifest file '../build/assignment4/assignment4.egg-info/SOURCES.txt'
[0.840s] writing manifest file '../build/assignment4/assignment4.egg-info/SOURCES.txt'
[0.841s] running build
[0.841s] running build_py
[0.841s] creating /media/n3b3x/Data Interchange Drive/SCHOOL/JHU/SPRING_2025/Intro To Robotics/MODULE_4/class4_ws/src/build/assignment4/build
[0.841s] creating /media/n3b3x/Data Interchange Drive/SCHOOL/JHU/SPRING_2025/Intro To Robotics/MODULE_4/class4_ws/src/build/assignment4/build/lib
[0.841s] creating /media/n3b3x/Data Interchange Drive/SCHOOL/JHU/SPRING_2025/Intro To Robotics/MODULE_4/class4_ws/src/build/assignment4/build/lib/assignment4
[0.841s] copying assignment4/assignment4.py -> /media/n3b3x/Data Interchange Drive/SCHOOL/JHU/SPRING_2025/Intro To Robotics/MODULE_4/class4_ws/src/build/assignment4/build/lib/assignment4
[0.841s] copying assignment4/mecanum_sim.py -> /media/n3b3x/Data Interchange Drive/SCHOOL/JHU/SPRING_2025/Intro To Robotics/MODULE_4/class4_ws/src/build/assignment4/build/lib/assignment4
[0.841s] copying assignment4/ros2_teleop_keyboard.py -> /media/n3b3x/Data Interchange Drive/SCHOOL/JHU/SPRING_2025/Intro To Robotics/MODULE_4/class4_ws/src/build/assignment4/build/lib/assignment4
[0.842s] copying assignment4/__init__.py -> /media/n3b3x/Data Interchange Drive/SCHOOL/JHU/SPRING_2025/Intro To Robotics/MODULE_4/class4_ws/src/build/assignment4/build/lib/assignment4
[0.842s] running install
[0.842s] running install_lib
[0.842s] creating /media/n3b3x/Data Interchange Drive/SCHOOL/JHU/SPRING_2025/Intro To Robotics/MODULE_4/class4_ws/src/install/assignment4/lib/python3.10/site-packages/assignment4
[0.843s] copying /media/n3b3x/Data Interchange Drive/SCHOOL/JHU/SPRING_2025/Intro To Robotics/MODULE_4/class4_ws/src/build/assignment4/build/lib/assignment4/assignment4.py -> /media/n3b3x/Data Interchange Drive/SCHOOL/JHU/SPRING_2025/Intro To Robotics/MODULE_4/class4_ws/src/install/assignment4/lib/python3.10/site-packages/assignment4
[0.843s] copying /media/n3b3x/Data Interchange Drive/SCHOOL/JHU/SPRING_2025/Intro To Robotics/MODULE_4/class4_ws/src/build/assignment4/build/lib/assignment4/mecanum_sim.py -> /media/n3b3x/Data Interchange Drive/SCHOOL/JHU/SPRING_2025/Intro To Robotics/MODULE_4/class4_ws/src/install/assignment4/lib/python3.10/site-packages/assignment4
[0.843s] copying /media/n3b3x/Data Interchange Drive/SCHOOL/JHU/SPRING_2025/Intro To Robotics/MODULE_4/class4_ws/src/build/assignment4/build/lib/assignment4/ros2_teleop_keyboard.py -> /media/n3b3x/Data Interchange Drive/SCHOOL/JHU/SPRING_2025/Intro To Robotics/MODULE_4/class4_ws/src/install/assignment4/lib/python3.10/site-packages/assignment4
[0.843s] copying /media/n3b3x/Data Interchange Drive/SCHOOL/JHU/SPRING_2025/Intro To Robotics/MODULE_4/class4_ws/src/build/assignment4/build/lib/assignment4/__init__.py -> /media/n3b3x/Data Interchange Drive/SCHOOL/JHU/SPRING_2025/Intro To Robotics/MODULE_4/class4_ws/src/install/assignment4/lib/python3.10/site-packages/assignment4
[0.843s] byte-compiling /media/n3b3x/Data Interchange Drive/SCHOOL/JHU/SPRING_2025/Intro To Robotics/MODULE_4/class4_ws/src/install/assignment4/lib/python3.10/site-packages/assignment4/assignment4.py to assignment4.cpython-310.pyc
[0.844s] byte-compiling /media/n3b3x/Data Interchange Drive/SCHOOL/JHU/SPRING_2025/Intro To Robotics/MODULE_4/class4_ws/src/install/assignment4/lib/python3.10/site-packages/assignment4/mecanum_sim.py to mecanum_sim.cpython-310.pyc
[0.845s] byte-compiling /media/n3b3x/Data Interchange Drive/SCHOOL/JHU/SPRING_2025/Intro To Robotics/MODULE_4/class4_ws/src/install/assignment4/lib/python3.10/site-packages/assignment4/ros2_teleop_keyboard.py to ros2_teleop_keyboard.cpython-310.pyc
[0.846s] byte-compiling /media/n3b3x/Data Interchange Drive/SCHOOL/JHU/SPRING_2025/Intro To Robotics/MODULE_4/class4_ws/src/install/assignment4/lib/python3.10/site-packages/assignment4/__init__.py to __init__.cpython-310.pyc
[0.846s] running install_data
[0.846s] creating /media/n3b3x/Data Interchange Drive/SCHOOL/JHU/SPRING_2025/Intro To Robotics/MODULE_4/class4_ws/src/install/assignment4/share/ament_index
[0.846s] creating /media/n3b3x/Data Interchange Drive/SCHOOL/JHU/SPRING_2025/Intro To Robotics/MODULE_4/class4_ws/src/install/assignment4/share/ament_index/resource_index
[0.846s] creating /media/n3b3x/Data Interchange Drive/SCHOOL/JHU/SPRING_2025/Intro To Robotics/MODULE_4/class4_ws/src/install/assignment4/share/ament_index/resource_index/packages
[0.846s] copying resource/assignment4 -> /media/n3b3x/Data Interchange Drive/SCHOOL/JHU/SPRING_2025/Intro To Robotics/MODULE_4/class4_ws/src/install/assignment4/share/ament_index/resource_index/packages
[0.847s] copying package.xml -> /media/n3b3x/Data Interchange Drive/SCHOOL/JHU/SPRING_2025/Intro To Robotics/MODULE_4/class4_ws/src/install/assignment4/share/assignment4
[0.847s] running install_egg_info
[0.848s] Copying ../build/assignment4/assignment4.egg-info to /media/n3b3x/Data Interchange Drive/SCHOOL/JHU/SPRING_2025/Intro To Robotics/MODULE_4/class4_ws/src/install/assignment4/lib/python3.10/site-packages/assignment4-0.0.0-py3.10.egg-info
[0.850s] running install_scripts
[0.866s] Installing mecanum_sim = assignment4.mecanum_sim:mainteleop_twist_keyboard script to /media/n3b3x/Data Interchange Drive/SCHOOL/JHU/SPRING_2025/Intro To Robotics/MODULE_4/class4_ws/src/install/assignment4/lib/assignment4
[0.867s] error: [Errno 22] Invalid argument: '/media/n3b3x/Data Interchange Drive/SCHOOL/JHU/SPRING_2025/Intro To Robotics/MODULE_4/class4_ws/src/install/assignment4/lib/assignment4/mecanum_sim = assignment4.mecanum_sim:mainteleop_twist_keyboard'
[0.885s] Invoked command in '/media/n3b3x/Data Interchange Drive/SCHOOL/JHU/SPRING_2025/Intro To Robotics/MODULE_4/class4_ws/src/assignment4' returned '1': PYTHONPATH=/media/n3b3x/Data Interchange Drive/SCHOOL/JHU/SPRING_2025/Intro To Robotics/MODULE_4/class4_ws/src/build/assignment4/prefix_override:/usr/lib/python3/dist-packages/colcon_core/task/python/colcon_distutils_commands:/media/n3b3x/Data Interchange Drive/SCHOOL/JHU/SPRING_2025/Intro To Robotics/MODULE_4/class4_ws/src/install/assignment4/lib/python3.10/site-packages:${PYTHONPATH} /usr/bin/python3 -W ignore:setup.py install is deprecated -W ignore:easy_install command is deprecated setup.py egg_info --egg-base ../build/assignment4 build --build-base /media/n3b3x/Data Interchange Drive/SCHOOL/JHU/SPRING_2025/Intro To Robotics/MODULE_4/class4_ws/src/build/assignment4/build install --record /media/n3b3x/Data Interchange Drive/SCHOOL/JHU/SPRING_2025/Intro To Robotics/MODULE_4/class4_ws/src/build/assignment4/install.log --single-version-externally-managed install_data
