running egg_info
creating ../../build/en613_control/en613_control.egg-info
writing ../../build/en613_control/en613_control.egg-info/PKG-INFO
writing dependency_links to ../../build/en613_control/en613_control.egg-info/dependency_links.txt
writing entry points to ../../build/en613_control/en613_control.egg-info/entry_points.txt
writing requirements to ../../build/en613_control/en613_control.egg-info/requires.txt
writing top-level names to ../../build/en613_control/en613_control.egg-info/top_level.txt
writing manifest file '../../build/en613_control/en613_control.egg-info/SOURCES.txt'
reading manifest file '../../build/en613_control/en613_control.egg-info/SOURCES.txt'
writing manifest file '../../build/en613_control/en613_control.egg-info/SOURCES.txt'
running build
running build_py
creating /media/n3b3x/Data Interchange Drive/SCHOOL/JHU/SPRING_2025/Intro To Robotics/MODULE_5/class4_ws/build/en613_control/build
creating /media/n3b3x/Data Interchange Drive/SCHOOL/JHU/SPRING_2025/Intro To Robotics/MODULE_5/class4_ws/build/en613_control/build/lib
creating /media/n3b3x/Data Interchange Drive/SCHOOL/JHU/SPRING_2025/Intro To Robotics/MODULE_5/class4_ws/build/en613_control/build/lib/en613_control
copying en613_control/__init__.py -> /media/n3b3x/Data Interchange Drive/SCHOOL/JHU/SPRING_2025/Intro To Robotics/MODULE_5/class4_ws/build/en613_control/build/lib/en613_control
running install
running install_lib
creating /media/n3b3x/Data Interchange Drive/SCHOOL/JHU/SPRING_2025/Intro To Robotics/MODULE_5/class4_ws/install/en613_control/lib/python3.10/site-packages/en613_control
copying /media/n3b3x/Data Interchange Drive/SCHOOL/JHU/SPRING_2025/Intro To Robotics/MODULE_5/class4_ws/build/en613_control/build/lib/en613_control/__init__.py -> /media/n3b3x/Data Interchange Drive/SCHOOL/JHU/SPRING_2025/Intro To Robotics/MODULE_5/class4_ws/install/en613_control/lib/python3.10/site-packages/en613_control
byte-compiling /media/n3b3x/Data Interchange Drive/SCHOOL/JHU/SPRING_2025/Intro To Robotics/MODULE_5/class4_ws/install/en613_control/lib/python3.10/site-packages/en613_control/__init__.py to __init__.cpython-310.pyc
running install_data
creating /media/n3b3x/Data Interchange Drive/SCHOOL/JHU/SPRING_2025/Intro To Robotics/MODULE_5/class4_ws/install/en613_control/share/ament_index
creating /media/n3b3x/Data Interchange Drive/SCHOOL/JHU/SPRING_2025/Intro To Robotics/MODULE_5/class4_ws/install/en613_control/share/ament_index/resource_index
creating /media/n3b3x/Data Interchange Drive/SCHOOL/JHU/SPRING_2025/Intro To Robotics/MODULE_5/class4_ws/install/en613_control/share/ament_index/resource_index/packages
copying resource/en613_control -> /media/n3b3x/Data Interchange Drive/SCHOOL/JHU/SPRING_2025/Intro To Robotics/MODULE_5/class4_ws/install/en613_control/share/ament_index/resource_index/packages
copying package.xml -> /media/n3b3x/Data Interchange Drive/SCHOOL/JHU/SPRING_2025/Intro To Robotics/MODULE_5/class4_ws/install/en613_control/share/en613_control
running install_egg_info
Copying ../../build/en613_control/en613_control.egg-info to /media/n3b3x/Data Interchange Drive/SCHOOL/JHU/SPRING_2025/Intro To Robotics/MODULE_5/class4_ws/install/en613_control/lib/python3.10/site-packages/en613_control-0.0.0-py3.10.egg-info
running install_scripts
writing list of installed files to '/media/n3b3x/Data Interchange Drive/SCHOOL/JHU/SPRING_2025/Intro To Robotics/MODULE_5/class4_ws/build/en613_control/install.log'
