[0.542s] Invoking command in '/media/n3b3x/Data Interchange Drive/SCHOOL/JHU/SPRING_2025/Intro To Robotics/MODULE_4/class4_ws/src/assignment4': PYTHONPATH=/media/n3b3x/Data Interchange Drive/SCHOOL/JHU/SPRING_2025/Intro To Robotics/MODULE_4/class4_ws/src/build/assignment4/prefix_override:/usr/lib/python3/dist-packages/colcon_core/task/python/colcon_distutils_commands:/media/n3b3x/Data Interchange Drive/SCHOOL/JHU/SPRING_2025/Intro To Robotics/MODULE_4/class4_ws/src/install/assignment4/lib/python3.10/site-packages:${PYTHONPATH} /usr/bin/python3 -W ignore:setup.py install is deprecated -W ignore:easy_install command is deprecated setup.py egg_info --egg-base ../build/assignment4 build --build-base /media/n3b3x/Data Interchange Drive/SCHOOL/JHU/SPRING_2025/Intro To Robotics/MODULE_4/class4_ws/src/build/assignment4/build install --record /media/n3b3x/Data Interchange Drive/SCHOOL/JHU/SPRING_2025/Intro To Robotics/MODULE_4/class4_ws/src/build/assignment4/install.log --single-version-externally-managed install_data
[0.748s] running egg_info
[0.749s] writing ../build/assignment4/assignment4.egg-info/PKG-INFO
[0.749s] writing dependency_links to ../build/assignment4/assignment4.egg-info/dependency_links.txt
[0.750s] writing entry points to ../build/assignment4/assignment4.egg-info/entry_points.txt
[0.750s] writing requirements to ../build/assignment4/assignment4.egg-info/requires.txt
[0.750s] writing top-level names to ../build/assignment4/assignment4.egg-info/top_level.txt
[0.752s] reading manifest file '../build/assignment4/assignment4.egg-info/SOURCES.txt'
[0.753s] writing manifest file '../build/assignment4/assignment4.egg-info/SOURCES.txt'
[0.753s] running build
[0.753s] running build_py
[0.753s] copying assignment4/teleop_twist_keyboard.py -> /media/n3b3x/Data Interchange Drive/SCHOOL/JHU/SPRING_2025/Intro To Robotics/MODULE_4/class4_ws/src/build/assignment4/build/lib/assignment4
[0.754s] running install
[0.754s] running install_lib
[0.755s] copying /media/n3b3x/Data Interchange Drive/SCHOOL/JHU/SPRING_2025/Intro To Robotics/MODULE_4/class4_ws/src/build/assignment4/build/lib/assignment4/teleop_twist_keyboard.py -> /media/n3b3x/Data Interchange Drive/SCHOOL/JHU/SPRING_2025/Intro To Robotics/MODULE_4/class4_ws/src/install/assignment4/lib/python3.10/site-packages/assignment4
[0.755s] byte-compiling /media/n3b3x/Data Interchange Drive/SCHOOL/JHU/SPRING_2025/Intro To Robotics/MODULE_4/class4_ws/src/install/assignment4/lib/python3.10/site-packages/assignment4/teleop_twist_keyboard.py to teleop_twist_keyboard.cpython-310.pyc
[0.756s] running install_data
[0.756s] running install_egg_info
[0.757s] removing '/media/n3b3x/Data Interchange Drive/SCHOOL/JHU/SPRING_2025/Intro To Robotics/MODULE_4/class4_ws/src/install/assignment4/lib/python3.10/site-packages/assignment4-0.0.0-py3.10.egg-info' (and everything under it)
[0.758s] Copying ../build/assignment4/assignment4.egg-info to /media/n3b3x/Data Interchange Drive/SCHOOL/JHU/SPRING_2025/Intro To Robotics/MODULE_4/class4_ws/src/install/assignment4/lib/python3.10/site-packages/assignment4-0.0.0-py3.10.egg-info
[0.759s] running install_scripts
[0.774s] Installing mecanum_sim script to /media/n3b3x/Data Interchange Drive/SCHOOL/JHU/SPRING_2025/Intro To Robotics/MODULE_4/class4_ws/src/install/assignment4/lib/assignment4
[0.774s] Installing teleop_twist_keyboard script to /media/n3b3x/Data Interchange Drive/SCHOOL/JHU/SPRING_2025/Intro To Robotics/MODULE_4/class4_ws/src/install/assignment4/lib/assignment4
[0.774s] writing list of installed files to '/media/n3b3x/Data Interchange Drive/SCHOOL/JHU/SPRING_2025/Intro To Robotics/MODULE_4/class4_ws/src/build/assignment4/install.log'
[0.794s] Invoked command in '/media/n3b3x/Data Interchange Drive/SCHOOL/JHU/SPRING_2025/Intro To Robotics/MODULE_4/class4_ws/src/assignment4' returned '0': PYTHONPATH=/media/n3b3x/Data Interchange Drive/SCHOOL/JHU/SPRING_2025/Intro To Robotics/MODULE_4/class4_ws/src/build/assignment4/prefix_override:/usr/lib/python3/dist-packages/colcon_core/task/python/colcon_distutils_commands:/media/n3b3x/Data Interchange Drive/SCHOOL/JHU/SPRING_2025/Intro To Robotics/MODULE_4/class4_ws/src/install/assignment4/lib/python3.10/site-packages:${PYTHONPATH} /usr/bin/python3 -W ignore:setup.py install is deprecated -W ignore:easy_install command is deprecated setup.py egg_info --egg-base ../build/assignment4 build --build-base /media/n3b3x/Data Interchange Drive/SCHOOL/JHU/SPRING_2025/Intro To Robotics/MODULE_4/class4_ws/src/build/assignment4/build install --record /media/n3b3x/Data Interchange Drive/SCHOOL/JHU/SPRING_2025/Intro To Robotics/MODULE_4/class4_ws/src/build/assignment4/install.log --single-version-externally-managed install_data
