[0.513s] Invoking command in '/media/n3b3x/Data Interchange Drive/SCHOOL/JHU/SPRING_2025/Intro To Robotics/MODULE_5/class4_ws/src/en613_control': PYTHONPATH=/media/n3b3x/Data Interchange Drive/SCHOOL/JHU/SPRING_2025/Intro To Robotics/MODULE_5/class4_ws/build/en613_control/prefix_override:/usr/lib/python3/dist-packages/colcon_core/task/python/colcon_distutils_commands:/media/n3b3x/Data Interchange Drive/SCHOOL/JHU/SPRING_2025/Intro To Robotics/MODULE_5/class4_ws/install/en613_control/lib/python3.10/site-packages:${PYTHONPATH} /usr/bin/python3 -W ignore:setup.py install is deprecated -W ignore:easy_install command is deprecated setup.py egg_info --egg-base ../../build/en613_control build --build-base /media/n3b3x/Data Interchange Drive/SCHOOL/JHU/SPRING_2025/Intro To Robotics/MODULE_5/class4_ws/build/en613_control/build install --record /media/n3b3x/Data Interchange Drive/SCHOOL/JHU/SPRING_2025/Intro To Robotics/MODULE_5/class4_ws/build/en613_control/install.log --single-version-externally-managed install_data
[0.714s] running egg_info
[0.715s] writing ../../build/en613_control/en613_control.egg-info/PKG-INFO
[0.715s] writing dependency_links to ../../build/en613_control/en613_control.egg-info/dependency_links.txt
[0.715s] writing entry points to ../../build/en613_control/en613_control.egg-info/entry_points.txt
[0.715s] writing requirements to ../../build/en613_control/en613_control.egg-info/requires.txt
[0.715s] writing top-level names to ../../build/en613_control/en613_control.egg-info/top_level.txt
[0.718s] reading manifest file '../../build/en613_control/en613_control.egg-info/SOURCES.txt'
[0.719s] writing manifest file '../../build/en613_control/en613_control.egg-info/SOURCES.txt'
[0.719s] running build
[0.719s] running build_py
[0.719s] running install
[0.719s] running install_lib
[0.720s] running install_data
[0.720s] running install_egg_info
[0.721s] removing '/media/n3b3x/Data Interchange Drive/SCHOOL/JHU/SPRING_2025/Intro To Robotics/MODULE_5/class4_ws/install/en613_control/lib/python3.10/site-packages/en613_control-0.0.0-py3.10.egg-info' (and everything under it)
[0.722s] Copying ../../build/en613_control/en613_control.egg-info to /media/n3b3x/Data Interchange Drive/SCHOOL/JHU/SPRING_2025/Intro To Robotics/MODULE_5/class4_ws/install/en613_control/lib/python3.10/site-packages/en613_control-0.0.0-py3.10.egg-info
[0.727s] running install_scripts
[0.741s] writing list of installed files to '/media/n3b3x/Data Interchange Drive/SCHOOL/JHU/SPRING_2025/Intro To Robotics/MODULE_5/class4_ws/build/en613_control/install.log'
[0.756s] Invoked command in '/media/n3b3x/Data Interchange Drive/SCHOOL/JHU/SPRING_2025/Intro To Robotics/MODULE_5/class4_ws/src/en613_control' returned '0': PYTHONPATH=/media/n3b3x/Data Interchange Drive/SCHOOL/JHU/SPRING_2025/Intro To Robotics/MODULE_5/class4_ws/build/en613_control/prefix_override:/usr/lib/python3/dist-packages/colcon_core/task/python/colcon_distutils_commands:/media/n3b3x/Data Interchange Drive/SCHOOL/JHU/SPRING_2025/Intro To Robotics/MODULE_5/class4_ws/install/en613_control/lib/python3.10/site-packages:${PYTHONPATH} /usr/bin/python3 -W ignore:setup.py install is deprecated -W ignore:easy_install command is deprecated setup.py egg_info --egg-base ../../build/en613_control build --build-base /media/n3b3x/Data Interchange Drive/SCHOOL/JHU/SPRING_2025/Intro To Robotics/MODULE_5/class4_ws/build/en613_control/build install --record /media/n3b3x/Data Interchange Drive/SCHOOL/JHU/SPRING_2025/Intro To Robotics/MODULE_5/class4_ws/build/en613_control/install.log --single-version-externally-managed install_data
