/media/n3b3x/Data Interchange Drive/SCHOOL/JHU/SPRING_2025/Intro To Robotics/MODULE_2/src/install/assignment2/lib/python3.10/site-packages/assignment2/assignment2.py
/media/n3b3x/Data Interchange Drive/SCHOOL/JHU/SPRING_2025/Intro To Robotics/MODULE_2/src/install/assignment2/lib/python3.10/site-packages/assignment2/coordinates.py
/media/n3b3x/Data Interchange Drive/SCHOOL/JHU/SPRING_2025/Intro To Robotics/MODULE_2/src/install/assignment2/lib/python3.10/site-packages/assignment2/dummy_object_detector.py
/media/n3b3x/Data Interchange Drive/SCHOOL/JHU/SPRING_2025/Intro To Robotics/MODULE_2/src/install/assignment2/lib/python3.10/site-packages/assignment2/__init__.py
/media/n3b3x/Data Interchange Drive/SCHOOL/JHU/SPRING_2025/Intro To Robotics/MODULE_2/src/install/assignment2/lib/python3.10/site-packages/assignment2/__pycache__/assignment2.cpython-310.pyc
/media/n3b3x/Data Interchange Drive/SCHOOL/JHU/SPRING_2025/Intro To Robotics/MODULE_2/src/install/assignment2/lib/python3.10/site-packages/assignment2/__pycache__/coordinates.cpython-310.pyc
/media/n3b3x/Data Interchange Drive/SCHOOL/JHU/SPRING_2025/Intro To Robotics/MODULE_2/src/install/assignment2/lib/python3.10/site-packages/assignment2/__pycache__/dummy_object_detector.cpython-310.pyc
/media/n3b3x/Data Interchange Drive/SCHOOL/JHU/SPRING_2025/Intro To Robotics/MODULE_2/src/install/assignment2/lib/python3.10/site-packages/assignment2/__pycache__/__init__.cpython-310.pyc
/media/n3b3x/Data Interchange Drive/SCHOOL/JHU/SPRING_2025/Intro To Robotics/MODULE_2/src/install/assignment2/share/ament_index/resource_index/packages/assignment2
/media/n3b3x/Data Interchange Drive/SCHOOL/JHU/SPRING_2025/Intro To Robotics/MODULE_2/src/install/assignment2/share/assignment2/package.xml
/media/n3b3x/Data Interchange Drive/SCHOOL/JHU/SPRING_2025/Intro To Robotics/MODULE_2/src/install/assignment2/share/assignment2/assignment2.launch.py
/media/n3b3x/Data Interchange Drive/SCHOOL/JHU/SPRING_2025/Intro To Robotics/MODULE_2/src/install/assignment2/share/assignment2/test.launch.py
/media/n3b3x/Data Interchange Drive/SCHOOL/JHU/SPRING_2025/Intro To Robotics/MODULE_2/src/install/assignment2/share/assignment2/launch/single_rrbot.urdf
/media/n3b3x/Data Interchange Drive/SCHOOL/JHU/SPRING_2025/Intro To Robotics/MODULE_2/src/install/assignment2/lib/python3.10/site-packages/assignment2-0.0.0-py3.10.egg-info/dependency_links.txt
/media/n3b3x/Data Interchange Drive/SCHOOL/JHU/SPRING_2025/Intro To Robotics/MODULE_2/src/install/assignment2/lib/python3.10/site-packages/assignment2-0.0.0-py3.10.egg-info/entry_points.txt
/media/n3b3x/Data Interchange Drive/SCHOOL/JHU/SPRING_2025/Intro To Robotics/MODULE_2/src/install/assignment2/lib/python3.10/site-packages/assignment2-0.0.0-py3.10.egg-info/PKG-INFO
/media/n3b3x/Data Interchange Drive/SCHOOL/JHU/SPRING_2025/Intro To Robotics/MODULE_2/src/install/assignment2/lib/python3.10/site-packages/assignment2-0.0.0-py3.10.egg-info/requires.txt
/media/n3b3x/Data Interchange Drive/SCHOOL/JHU/SPRING_2025/Intro To Robotics/MODULE_2/src/install/assignment2/lib/python3.10/site-packages/assignment2-0.0.0-py3.10.egg-info/SOURCES.txt
/media/n3b3x/Data Interchange Drive/SCHOOL/JHU/SPRING_2025/Intro To Robotics/MODULE_2/src/install/assignment2/lib/python3.10/site-packages/assignment2-0.0.0-py3.10.egg-info/top_level.txt
/media/n3b3x/Data Interchange Drive/SCHOOL/JHU/SPRING_2025/Intro To Robotics/MODULE_2/src/install/assignment2/lib/python3.10/site-packages/assignment2-0.0.0-py3.10.egg-info/zip-safe
/media/n3b3x/Data Interchange Drive/SCHOOL/JHU/SPRING_2025/Intro To Robotics/MODULE_2/src/install/assignment2/lib/assignment2/coordinates
/media/n3b3x/Data Interchange Drive/SCHOOL/JHU/SPRING_2025/Intro To Robotics/MODULE_2/src/install/assignment2/lib/assignment2/dummy_object_detector
