/media/n3b3x/Data Interchange Drive/SCHOOL/JHU_RAS/SPRING_2025/Intro To Robotics/MODULE_5/class4_ws/install/en613_control/lib/python3.10/site-packages/en613_control/diffdrive_pid.py
/media/n3b3x/Data Interchange Drive/SCHOOL/JHU_RAS/SPRING_2025/Intro To Robotics/MODULE_5/class4_ws/install/en613_control/lib/python3.10/site-packages/en613_control/diffdrive_sim.py
/media/n3b3x/Data Interchange Drive/SCHOOL/JHU_RAS/SPRING_2025/Intro To Robotics/MODULE_5/class4_ws/install/en613_control/lib/python3.10/site-packages/en613_control/__init__.py
/media/n3b3x/Data Interchange Drive/SCHOOL/JHU_RAS/SPRING_2025/Intro To Robotics/MODULE_5/class4_ws/install/en613_control/lib/python3.10/site-packages/en613_control/__pycache__/diffdrive_pid.cpython-310.pyc
/media/n3b3x/Data Interchange Drive/SCHOOL/JHU_RAS/SPRING_2025/Intro To Robotics/MODULE_5/class4_ws/install/en613_control/lib/python3.10/site-packages/en613_control/__pycache__/diffdrive_sim.cpython-310.pyc
/media/n3b3x/Data Interchange Drive/SCHOOL/JHU_RAS/SPRING_2025/Intro To Robotics/MODULE_5/class4_ws/install/en613_control/lib/python3.10/site-packages/en613_control/__pycache__/__init__.cpython-310.pyc
/media/n3b3x/Data Interchange Drive/SCHOOL/JHU_RAS/SPRING_2025/Intro To Robotics/MODULE_5/class4_ws/install/en613_control/share/ament_index/resource_index/packages/en613_control
/media/n3b3x/Data Interchange Drive/SCHOOL/JHU_RAS/SPRING_2025/Intro To Robotics/MODULE_5/class4_ws/install/en613_control/share/en613_control/package.xml
/media/n3b3x/Data Interchange Drive/SCHOOL/JHU_RAS/SPRING_2025/Intro To Robotics/MODULE_5/class4_ws/install/en613_control/share/en613_control/launch/basic_sim.launch.py
/media/n3b3x/Data Interchange Drive/SCHOOL/JHU_RAS/SPRING_2025/Intro To Robotics/MODULE_5/class4_ws/install/en613_control/share/en613_control/launch/goal_sim.launch.py
/media/n3b3x/Data Interchange Drive/SCHOOL/JHU_RAS/SPRING_2025/Intro To Robotics/MODULE_5/class4_ws/install/en613_control/share/en613_control/launch/urdf_test.launch.py
/media/n3b3x/Data Interchange Drive/SCHOOL/JHU_RAS/SPRING_2025/Intro To Robotics/MODULE_5/class4_ws/install/en613_control/share/en613_control/launch/dummy_model.rviz
/media/n3b3x/Data Interchange Drive/SCHOOL/JHU_RAS/SPRING_2025/Intro To Robotics/MODULE_5/class4_ws/install/en613_control/share/en613_control/urdf/basic_robot.urdf
/media/n3b3x/Data Interchange Drive/SCHOOL/JHU_RAS/SPRING_2025/Intro To Robotics/MODULE_5/class4_ws/install/en613_control/lib/python3.10/site-packages/en613_control-0.0.0-py3.10.egg-info/dependency_links.txt
/media/n3b3x/Data Interchange Drive/SCHOOL/JHU_RAS/SPRING_2025/Intro To Robotics/MODULE_5/class4_ws/install/en613_control/lib/python3.10/site-packages/en613_control-0.0.0-py3.10.egg-info/entry_points.txt
/media/n3b3x/Data Interchange Drive/SCHOOL/JHU_RAS/SPRING_2025/Intro To Robotics/MODULE_5/class4_ws/install/en613_control/lib/python3.10/site-packages/en613_control-0.0.0-py3.10.egg-info/PKG-INFO
/media/n3b3x/Data Interchange Drive/SCHOOL/JHU_RAS/SPRING_2025/Intro To Robotics/MODULE_5/class4_ws/install/en613_control/lib/python3.10/site-packages/en613_control-0.0.0-py3.10.egg-info/requires.txt
/media/n3b3x/Data Interchange Drive/SCHOOL/JHU_RAS/SPRING_2025/Intro To Robotics/MODULE_5/class4_ws/install/en613_control/lib/python3.10/site-packages/en613_control-0.0.0-py3.10.egg-info/SOURCES.txt
/media/n3b3x/Data Interchange Drive/SCHOOL/JHU_RAS/SPRING_2025/Intro To Robotics/MODULE_5/class4_ws/install/en613_control/lib/python3.10/site-packages/en613_control-0.0.0-py3.10.egg-info/top_level.txt
/media/n3b3x/Data Interchange Drive/SCHOOL/JHU_RAS/SPRING_2025/Intro To Robotics/MODULE_5/class4_ws/install/en613_control/lib/python3.10/site-packages/en613_control-0.0.0-py3.10.egg-info/zip-safe
/media/n3b3x/Data Interchange Drive/SCHOOL/JHU_RAS/SPRING_2025/Intro To Robotics/MODULE_5/class4_ws/install/en613_control/lib/en613_control/diffdrive_pid
/media/n3b3x/Data Interchange Drive/SCHOOL/JHU_RAS/SPRING_2025/Intro To Robotics/MODULE_5/class4_ws/install/en613_control/lib/en613_control/diffdrive_sim
