[0.591s] Invoking command in '/media/n3b3x/Data Interchange Drive/SCHOOL/JHU/SPRING_2025/Intro To Robotics/MODULE_5/class4_ws/src/en613_control': PYTHONPATH=/media/n3b3x/Data Interchange Drive/SCHOOL/JHU/SPRING_2025/Intro To Robotics/MODULE_5/class4_ws/build/en613_control/prefix_override:/usr/lib/python3/dist-packages/colcon_core/task/python/colcon_distutils_commands:/media/n3b3x/Data Interchange Drive/SCHOOL/JHU/SPRING_2025/Intro To Robotics/MODULE_5/class4_ws/install/en613_control/lib/python3.10/site-packages:${PYTHONPATH} /usr/bin/python3 -W ignore:setup.py install is deprecated -W ignore:easy_install command is deprecated setup.py egg_info --egg-base ../../build/en613_control build --build-base /media/n3b3x/Data Interchange Drive/SCHOOL/JHU/SPRING_2025/Intro To Robotics/MODULE_5/class4_ws/build/en613_control/build install --record /media/n3b3x/Data Interchange Drive/SCHOOL/JHU/SPRING_2025/Intro To Robotics/MODULE_5/class4_ws/build/en613_control/install.log --single-version-externally-managed install_data
[0.841s] running egg_info
[0.843s] writing ../../build/en613_control/en613_control.egg-info/PKG-INFO
[0.843s] writing dependency_links to ../../build/en613_control/en613_control.egg-info/dependency_links.txt
[0.843s] writing entry points to ../../build/en613_control/en613_control.egg-info/entry_points.txt
[0.843s] writing requirements to ../../build/en613_control/en613_control.egg-info/requires.txt
[0.843s] writing top-level names to ../../build/en613_control/en613_control.egg-info/top_level.txt
[0.846s] reading manifest file '../../build/en613_control/en613_control.egg-info/SOURCES.txt'
[0.847s] writing manifest file '../../build/en613_control/en613_control.egg-info/SOURCES.txt'
[0.847s] running build
[0.847s] running build_py
[0.847s] running install
[0.847s] running install_lib
[0.848s] running install_data
[0.848s] running install_egg_info
[0.850s] removing '/media/n3b3x/Data Interchange Drive/SCHOOL/JHU/SPRING_2025/Intro To Robotics/MODULE_5/class4_ws/install/en613_control/lib/python3.10/site-packages/en613_control-0.0.0-py3.10.egg-info' (and everything under it)
[0.850s] Copying ../../build/en613_control/en613_control.egg-info to /media/n3b3x/Data Interchange Drive/SCHOOL/JHU/SPRING_2025/Intro To Robotics/MODULE_5/class4_ws/install/en613_control/lib/python3.10/site-packages/en613_control-0.0.0-py3.10.egg-info
[0.855s] running install_scripts
[0.872s] writing list of installed files to '/media/n3b3x/Data Interchange Drive/SCHOOL/JHU/SPRING_2025/Intro To Robotics/MODULE_5/class4_ws/build/en613_control/install.log'
[0.893s] Invoked command in '/media/n3b3x/Data Interchange Drive/SCHOOL/JHU/SPRING_2025/Intro To Robotics/MODULE_5/class4_ws/src/en613_control' returned '0': PYTHONPATH=/media/n3b3x/Data Interchange Drive/SCHOOL/JHU/SPRING_2025/Intro To Robotics/MODULE_5/class4_ws/build/en613_control/prefix_override:/usr/lib/python3/dist-packages/colcon_core/task/python/colcon_distutils_commands:/media/n3b3x/Data Interchange Drive/SCHOOL/JHU/SPRING_2025/Intro To Robotics/MODULE_5/class4_ws/install/en613_control/lib/python3.10/site-packages:${PYTHONPATH} /usr/bin/python3 -W ignore:setup.py install is deprecated -W ignore:easy_install command is deprecated setup.py egg_info --egg-base ../../build/en613_control build --build-base /media/n3b3x/Data Interchange Drive/SCHOOL/JHU/SPRING_2025/Intro To Robotics/MODULE_5/class4_ws/build/en613_control/build install --record /media/n3b3x/Data Interchange Drive/SCHOOL/JHU/SPRING_2025/Intro To Robotics/MODULE_5/class4_ws/build/en613_control/install.log --single-version-externally-managed install_data
